# JRE version: OpenJDK Runtime Environment (11.0.9+11) (build 11.0.9+11-Ubuntu-0ubuntu1.20.04)
# Java VM: OpenJDK 64-Bit Server VM (11.0.9+11-Ubuntu-0ubuntu1.20.04, mixed mode, sharing, tiered, compressed oops, g1 gc, linux-amd64)
Heap:
 garbage-first heap   total 102400K, used 3774K [0x00000000c2800000, 0x0000000100000000)
  region size 1024K, 1 young (1024K), 1 survivors (1024K)
 Metaspace       used 4214K, capacity 5904K, committed 6144K, reserved 1056768K
  class space    used 459K, capacity 651K, committed 768K, reserved 1048576K
GC Heap History (15 events):
Event: 18.116 GC heap before
{Heap before GC invocations=0 (full 0):
 garbage-first heap   total 65536K, used 38600K [0x00000000c2800000, 0x0000000100000000)
  region size 1024K, 14 young (14336K), 0 survivors (0K)
 Metaspace       used 3996K, capacity 5898K, committed 6144K, reserved 1056768K
  class space    used 449K, capacity 650K, committed 768K, reserved 1048576K
}
Event: 18.129 GC heap after
{Heap after GC invocations=1 (full 0):
 garbage-first heap   total 65536K, used 3462K [0x00000000c2800000, 0x0000000100000000)
  region size 1024K, 2 young (2048K), 2 survivors (2048K)
 Metaspace       used 3996K, capacity 5898K, committed 6144K, reserved 1056768K
  class space    used 449K, capacity 650K, committed 768K, reserved 1048576K
}
Event: 43.065 GC heap before
{Heap before GC invocations=2 (full 0):
 garbage-first heap   total 65536K, used 34182K [0x00000000c2800000, 0x0000000100000000)
  region size 1024K, 9 young (9216K), 2 survivors (2048K)
 Metaspace       used 4113K, capacity 5904K, committed 6144K, reserved 1056768K
  class space    used 458K, capacity 651K, committed 768K, reserved 1048576K
}
Event: 43.590 GC heap after
{Heap after GC invocations=3 (full 0):
 garbage-first heap   total 65536K, used 7114K [0x00000000c2800000, 0x0000000100000000)
  region size 1024K, 3 young (3072K), 3 survivors (3072K)
 Metaspace       used 4113K, capacity 5904K, committed 6144K, reserved 1056768K
  class space    used 458K, capacity 651K, committed 768K, reserved 1048576K
}
Event: 50.957 GC heap before
{Heap before GC invocations=4 (full 0):
 garbage-first heap   total 65536K, used 17354K [0x00000000c2800000, 0x0000000100000000)
  region size 1024K, 4 young (4096K), 3 survivors (3072K)
 Metaspace       used 4121K, capacity 5904K, committed 6144K, reserved 1056768K
  class space    used 458K, capacity 651K, committed 768K, reserved 1048576K
}
Event: 50.978 GC heap after
{Heap after GC invocations=5 (full 0):
 garbage-first heap   total 65536K, used 2891K [0x00000000c2800000, 0x0000000100000000)
  region size 1024K, 1 young (1024K), 1 survivors (1024K)
 Metaspace       used 4121K, capacity 5904K, committed 6144K, reserved 1056768K
  class space    used 458K, capacity 651K, committed 768K, reserved 1048576K
}
Event: 61.681 GC heap before
{Heap before GC invocations=5 (full 0):
 garbage-first heap   total 65536K, used 16203K [0x00000000c2800000, 0x0000000100000000)
  region size 1024K, 3 young (3072K), 1 survivors (1024K)
 Metaspace       used 4138K, capacity 5904K, committed 6144K, reserved 1056768K
  class space    used 458K, capacity 651K, committed 768K, reserved 1048576K
}
Event: 61.690 GC heap after
{Heap after GC invocations=6 (full 0):
 garbage-first heap   total 65536K, used 2920K [0x00000000c2800000, 0x0000000100000000)
  region size 1024K, 1 young (1024K), 1 survivors (1024K)
 Metaspace       used 4138K, capacity 5904K, committed 6144K, reserved 1056768K
  class space    used 458K, capacity 651K, committed 768K, reserved 1048576K
}
Event: 92.628 GC heap before
{Heap before GC invocations=6 (full 0):
 garbage-first heap   total 65536K, used 30568K [0x00000000c2800000, 0x0000000100000000)
  region size 1024K, 6 young (6144K), 1 survivors (1024K)
 Metaspace       used 4149K, capacity 5904K, committed 6144K, reserved 1056768K
  class space    used 458K, capacity 651K, committed 768K, reserved 1048576K
}
Event: 94.380 GC heap after
{Heap after GC invocations=7 (full 0):
 garbage-first heap   total 65536K, used 3423K [0x00000000c2800000, 0x0000000100000000)
  region size 1024K, 1 young (1024K), 1 survivors (1024K)
 Metaspace       used 4149K, capacity 5904K, committed 6144K, reserved 1056768K
  class space    used 458K, capacity 651K, committed 768K, reserved 1048576K
}
Event: 100.180 GC heap before
{Heap before GC invocations=8 (full 0):
 garbage-first heap   total 65536K, used 20831K [0x00000000c2800000, 0x0000000100000000)
  region size 1024K, 3 young (3072K), 1 survivors (1024K)
 Metaspace       used 4155K, capacity 5904K, committed 6144K, reserved 1056768K
  class space    used 458K, capacity 651K, committed 768K, reserved 1048576K
}
Event: 100.383 GC heap after
{Heap after GC invocations=9 (full 0):
 garbage-first heap   total 65536K, used 3392K [0x00000000c2800000, 0x0000000100000000)
  region size 1024K, 1 young (1024K), 1 survivors (1024K)
 Metaspace       used 4155K, capacity 5904K, committed 6144K, reserved 1056768K
  class space    used 458K, capacity 651K, committed 768K, reserved 1048576K
}
Event: 116.436 GC heap before
{Heap before GC invocations=9 (full 0):
 garbage-first heap   total 65536K, used 16704K [0x00000000c2800000, 0x0000000100000000)
  region size 1024K, 3 young (3072K), 1 survivors (1024K)
 Metaspace       used 4177K, capacity 5904K, committed 6144K, reserved 1056768K
  class space    used 458K, capacity 651K, committed 768K, reserved 1048576K
}
Event: 118.775 GC heap after
{Heap after GC invocations=10 (full 0):
 garbage-first heap   total 65536K, used 3584K [0x00000000c2800000, 0x0000000100000000)
  region size 1024K, 1 young (1024K), 1 survivors (1024K)
 Metaspace       used 4177K, capacity 5904K, committed 6144K, reserved 1056768K
  class space    used 458K, capacity 651K, committed 768K, reserved 1048576K
}
Event: 136.070 GC heap before
{Heap before GC invocations=10 (full 0):
 garbage-first heap   total 65536K, used 16896K [0x00000000c2800000, 0x0000000100000000)
  region size 1024K, 3 young (3072K), 1 survivors (1024K)
 Metaspace       used 4214K, capacity 5904K, committed 6144K, reserved 1056768K
  class space    used 459K, capacity 651K, committed 768K, reserved 1048576K
}

